# JRE version: Java(TM) SE Runtime Environment (17.0.12+8) (build 17.0.12+8-LTS-286)
# Java VM: Java HotSpot(TM) 64-Bit Server VM (17.0.12+8-LTS-286, mixed mode, sharing, tiered, compressed oops, compressed class ptrs, g1 gc, windows-amd64)
GC Precious Log:
 CPUs: 8 total, 8 available
 Memory: 7926M
 Large Page Support: Disabled
 NUMA Support: Disabled
 Compressed Oops: Enabled (Zero based)
 Heap Region Size: 2M
 Heap Min Capacity: 8M
 Heap Initial Capacity: 124M
 Heap Max Capacity: 4G
 Pre-touch: Disabled
 Parallel Workers: 8
 Concurrent Workers: 2
 Concurrent Refinement Workers: 8
 Periodic GC: Disabled
Heap:
 garbage-first heap   total 151552K, used 55256K [0x0000000700000000, 0x0000000800000000)
  region size 2048K, 13 young (26624K), 4 survivors (8192K)
 Metaspace       used 54791K, committed 55360K, reserved 1114112K
  class space    used 7790K, committed 8064K, reserved 1048576K
GC Heap History (20 events):
Event: 81.051 GC heap before
{Heap before GC invocations=8 (full 0):
 garbage-first heap   total 96256K, used 69742K [0x0000000700000000, 0x0000000800000000)
  region size 2048K, 23 young (47104K), 1 survivors (2048K)
 Metaspace       used 33087K, committed 33472K, reserved 1114112K
  class space    used 4644K, committed 4800K, reserved 1048576K
}
Event: 81.063 GC heap after
{Heap after GC invocations=9 (full 0):
 garbage-first heap   total 96256K, used 30796K [0x0000000700000000, 0x0000000800000000)
  region size 2048K, 3 young (6144K), 3 survivors (6144K)
 Metaspace       used 33087K, committed 33472K, reserved 1114112K
  class space    used 4644K, committed 4800K, reserved 1048576K
}
Event: 100.774 GC heap before
{Heap before GC invocations=9 (full 0):
 garbage-first heap   total 96256K, used 55372K [0x0000000700000000, 0x0000000800000000)
  region size 2048K, 15 young (30720K), 3 survivors (6144K)
 Metaspace       used 35642K, committed 36096K, reserved 1114112K
  class space    used 4933K, committed 5184K, reserved 1048576K
}
Event: 102.294 GC heap after
{Heap after GC invocations=10 (full 0):
 garbage-first heap   total 96256K, used 32103K [0x0000000700000000, 0x0000000800000000)
  region size 2048K, 2 young (4096K), 2 survivors (4096K)
 Metaspace       used 35642K, committed 36096K, reserved 1114112K
  class space    used 4933K, committed 5184K, reserved 1048576K
}
Event: 105.424 GC heap before
{Heap before GC invocations=10 (full 0):
 garbage-first heap   total 96256K, used 34151K [0x0000000700000000, 0x0000000800000000)
  region size 2048K, 3 young (6144K), 2 survivors (4096K)
 Metaspace       used 35700K, committed 36160K, reserved 1114112K
  class space    used 4940K, committed 5184K, reserved 1048576K
}
Event: 105.428 GC heap after
{Heap after GC invocations=11 (full 0):
 garbage-first heap   total 96256K, used 32444K [0x0000000700000000, 0x0000000800000000)
  region size 2048K, 1 young (2048K), 1 survivors (2048K)
 Metaspace       used 35700K, committed 36160K, reserved 1114112K
  class space    used 4940K, committed 5184K, reserved 1048576K
}
Event: 106.034 GC heap before
{Heap before GC invocations=11 (full 0):
 garbage-first heap   total 96256K, used 34492K [0x0000000700000000, 0x0000000800000000)
  region size 2048K, 2 young (4096K), 1 survivors (2048K)
 Metaspace       used 35701K, committed 36160K, reserved 1114112K
  class space    used 4940K, committed 5184K, reserved 1048576K
}
Event: 106.036 GC heap after
{Heap after GC invocations=12 (full 0):
 garbage-first heap   total 96256K, used 32377K [0x0000000700000000, 0x0000000800000000)
  region size 2048K, 1 young (2048K), 1 survivors (2048K)
 Metaspace       used 35701K, committed 36160K, reserved 1114112K
  class space    used 4940K, committed 5184K, reserved 1048576K
}
Event: 106.264 GC heap before
{Heap before GC invocations=12 (full 0):
 garbage-first heap   total 96256K, used 34425K [0x0000000700000000, 0x0000000800000000)
  region size 2048K, 2 young (4096K), 1 survivors (2048K)
 Metaspace       used 35701K, committed 36160K, reserved 1114112K
  class space    used 4940K, committed 5184K, reserved 1048576K
}
Event: 106.329 GC heap after
{Heap after GC invocations=13 (full 0):
 garbage-first heap   total 96256K, used 32349K [0x0000000700000000, 0x0000000800000000)
  region size 2048K, 1 young (2048K), 1 survivors (2048K)
 Metaspace       used 35701K, committed 36160K, reserved 1114112K
  class space    used 4940K, committed 5184K, reserved 1048576K
}
Event: 107.861 GC heap before
{Heap before GC invocations=14 (full 0):
 garbage-first heap   total 96256K, used 34397K [0x0000000700000000, 0x0000000800000000)
  region size 2048K, 2 young (4096K), 1 survivors (2048K)
 Metaspace       used 35749K, committed 36224K, reserved 1114112K
  class space    used 4947K, committed 5184K, reserved 1048576K
}
Event: 107.866 GC heap after
{Heap after GC invocations=15 (full 0):
 garbage-first heap   total 151552K, used 32527K [0x0000000700000000, 0x0000000800000000)
  region size 2048K, 1 young (2048K), 1 survivors (2048K)
 Metaspace       used 35749K, committed 36224K, reserved 1114112K
  class space    used 4947K, committed 5184K, reserved 1048576K
}
Event: 107.934 GC heap before
{Heap before GC invocations=15 (full 0):
 garbage-first heap   total 151552K, used 36623K [0x0000000700000000, 0x0000000800000000)
  region size 2048K, 3 young (6144K), 1 survivors (2048K)
 Metaspace       used 35754K, committed 36224K, reserved 1114112K
  class space    used 4949K, committed 5184K, reserved 1048576K
}
Event: 107.937 GC heap after
{Heap after GC invocations=16 (full 0):
 garbage-first heap   total 151552K, used 32411K [0x0000000700000000, 0x0000000800000000)
  region size 2048K, 1 young (2048K), 1 survivors (2048K)
 Metaspace       used 35754K, committed 36224K, reserved 1114112K
  class space    used 4949K, committed 5184K, reserved 1048576K
}
Event: 110.913 GC heap before
{Heap before GC invocations=16 (full 0):
 garbage-first heap   total 151552K, used 73371K [0x0000000700000000, 0x0000000800000000)
  region size 2048K, 21 young (43008K), 1 survivors (2048K)
 Metaspace       used 37352K, committed 37824K, reserved 1114112K
  class space    used 5210K, committed 5440K, reserved 1048576K
}
Event: 110.917 GC heap after
{Heap after GC invocations=17 (full 0):
 garbage-first heap   total 151552K, used 33552K [0x0000000700000000, 0x0000000800000000)
  region size 2048K, 1 young (2048K), 1 survivors (2048K)
 Metaspace       used 37352K, committed 37824K, reserved 1114112K
  class space    used 5210K, committed 5440K, reserved 1048576K
}
Event: 126.195 GC heap before
{Heap before GC invocations=17 (full 0):
 garbage-first heap   total 151552K, used 113424K [0x0000000700000000, 0x0000000800000000)
  region size 2048K, 40 young (81920K), 1 survivors (2048K)
 Metaspace       used 45561K, committed 46144K, reserved 1114112K
  class space    used 6470K, committed 6720K, reserved 1048576K
}
Event: 126.212 GC heap after
{Heap after GC invocations=18 (full 0):
 garbage-first heap   total 151552K, used 36406K [0x0000000700000000, 0x0000000800000000)
  region size 2048K, 3 young (6144K), 3 survivors (6144K)
 Metaspace       used 45561K, committed 46144K, reserved 1114112K
  class space    used 6470K, committed 6720K, reserved 1048576K
}
Event: 130.933 GC heap before
{Heap before GC invocations=18 (full 0):
 garbage-first heap   total 151552K, used 116278K [0x0000000700000000, 0x0000000800000000)
  region size 2048K, 42 young (86016K), 3 survivors (6144K)
 Metaspace       used 53331K, committed 53952K, reserved 1114112K
  class space    used 7523K, committed 7808K, reserved 1048576K
}
Event: 130.976 GC heap after
{Heap after GC invocations=19 (full 0):
 garbage-first heap   total 151552K, used 38872K [0x0000000700000000, 0x0000000800000000)
  region size 2048K, 4 young (8192K), 4 survivors (8192K)
 Metaspace       used 53331K, committed 53952K, reserved 1114112K
  class space    used 7523K, committed 7808K, reserved 1048576K
}

