# JRE version: Java(TM) SE Runtime Environment (17.0.12+8) (build 17.0.12+8-LTS-286)
# Java VM: Java HotSpot(TM) 64-Bit Server VM (17.0.12+8-LTS-286, mixed mode, sharing, tiered, compressed oops, compressed class ptrs, g1 gc, windows-amd64)
GC Precious Log:
 CPUs: 8 total, 8 available
 Memory: 7926M
 Large Page Support: Disabled
 NUMA Support: Disabled
 Compressed Oops: Enabled (Zero based)
 Heap Region Size: 2M
 Heap Min Capacity: 8M
 Heap Initial Capacity: 124M
 Heap Max Capacity: 4G
 Pre-touch: Disabled
 Parallel Workers: 8
 Concurrent Workers: 2
 Concurrent Refinement Workers: 8
 Periodic GC: Disabled
Heap:
 garbage-first heap   total 475136K, used 186588K [0x0000000700000000, 0x0000000800000000)
  region size 2048K, 2 young (4096K), 2 survivors (4096K)
 Metaspace       used 98509K, committed 99840K, reserved 1179648K
  class space    used 13698K, committed 14272K, reserved 1048576K
GC Heap History (20 events):
Event: 481.219 GC heap after
{Heap after GC invocations=46 (full 0):
 garbage-first heap   total 354304K, used 143036K [0x0000000700000000, 0x0000000800000000)
  region size 2048K, 10 young (20480K), 10 survivors (20480K)
 Metaspace       used 94078K, committed 95104K, reserved 1179648K
  class space    used 13096K, committed 13568K, reserved 1048576K
}
Event: 515.520 GC heap before
{Heap before GC invocations=46 (full 0):
 garbage-first heap   total 354304K, used 282300K [0x0000000700000000, 0x0000000800000000)
  region size 2048K, 79 young (161792K), 10 survivors (20480K)
 Metaspace       used 96352K, committed 97408K, reserved 1179648K
  class space    used 13443K, committed 13952K, reserved 1048576K
}
Event: 515.712 GC heap after
{Heap after GC invocations=47 (full 0):
 garbage-first heap   total 354304K, used 150683K [0x0000000700000000, 0x0000000800000000)
  region size 2048K, 7 young (14336K), 7 survivors (14336K)
 Metaspace       used 96352K, committed 97408K, reserved 1179648K
  class space    used 13443K, committed 13952K, reserved 1048576K
}
Event: 574.641 GC heap before
{Heap before GC invocations=47 (full 0):
 garbage-first heap   total 354304K, used 281755K [0x0000000700000000, 0x0000000800000000)
  region size 2048K, 72 young (147456K), 7 survivors (14336K)
 Metaspace       used 96578K, committed 97664K, reserved 1179648K
  class space    used 13462K, committed 13952K, reserved 1048576K
}
Event: 574.796 GC heap after
{Heap after GC invocations=48 (full 0):
 garbage-first heap   total 354304K, used 156097K [0x0000000700000000, 0x0000000800000000)
  region size 2048K, 6 young (12288K), 6 survivors (12288K)
 Metaspace       used 96578K, committed 97664K, reserved 1179648K
  class space    used 13462K, committed 13952K, reserved 1048576K
}
Event: 634.619 GC heap before
{Heap before GC invocations=48 (full 0):
 garbage-first heap   total 354304K, used 285121K [0x0000000700000000, 0x0000000800000000)
  region size 2048K, 69 young (141312K), 6 survivors (12288K)
 Metaspace       used 97474K, committed 98688K, reserved 1179648K
  class space    used 13553K, committed 14080K, reserved 1048576K
}
Event: 635.285 GC heap after
{Heap after GC invocations=49 (full 0):
 garbage-first heap   total 354304K, used 161172K [0x0000000700000000, 0x0000000800000000)
  region size 2048K, 6 young (12288K), 6 survivors (12288K)
 Metaspace       used 97474K, committed 98688K, reserved 1179648K
  class space    used 13553K, committed 14080K, reserved 1048576K
}
Event: 642.239 GC heap before
{Heap before GC invocations=49 (full 0):
 garbage-first heap   total 354304K, used 165268K [0x0000000700000000, 0x0000000800000000)
  region size 2048K, 8 young (16384K), 6 survivors (12288K)
 Metaspace       used 97522K, committed 98688K, reserved 1179648K
  class space    used 13558K, committed 14080K, reserved 1048576K
}
Event: 642.334 GC heap after
{Heap after GC invocations=50 (full 0):
 garbage-first heap   total 354304K, used 162681K [0x0000000700000000, 0x0000000800000000)
  region size 2048K, 1 young (2048K), 1 survivors (2048K)
 Metaspace       used 97522K, committed 98688K, reserved 1179648K
  class space    used 13558K, committed 14080K, reserved 1048576K
}
Event: 720.956 GC heap before
{Heap before GC invocations=50 (full 0):
 garbage-first heap   total 354304K, used 250745K [0x0000000700000000, 0x0000000800000000)
  region size 2048K, 45 young (92160K), 1 survivors (2048K)
 Metaspace       used 98372K, committed 99712K, reserved 1179648K
  class space    used 13679K, committed 14272K, reserved 1048576K
}
Event: 728.592 GC heap after
{Heap after GC invocations=51 (full 0):
 garbage-first heap   total 354304K, used 175358K [0x0000000700000000, 0x0000000800000000)
  region size 2048K, 6 young (12288K), 6 survivors (12288K)
 Metaspace       used 98372K, committed 99712K, reserved 1179648K
  class space    used 13679K, committed 14272K, reserved 1048576K
}
Event: 728.652 GC heap before
{Heap before GC invocations=51 (full 0):
 garbage-first heap   total 354304K, used 177406K [0x0000000700000000, 0x0000000800000000)
  region size 2048K, 8 young (16384K), 6 survivors (12288K)
 Metaspace       used 98372K, committed 99712K, reserved 1179648K
  class space    used 13679K, committed 14272K, reserved 1048576K
}
Event: 728.707 GC heap after
{Heap after GC invocations=52 (full 0):
 garbage-first heap   total 475136K, used 177485K [0x0000000700000000, 0x0000000800000000)
  region size 2048K, 1 young (2048K), 1 survivors (2048K)
 Metaspace       used 98372K, committed 99712K, reserved 1179648K
  class space    used 13679K, committed 14272K, reserved 1048576K
}
Event: 728.826 GC heap before
{Heap before GC invocations=52 (full 0):
 garbage-first heap   total 475136K, used 195917K [0x0000000700000000, 0x0000000800000000)
  region size 2048K, 11 young (22528K), 1 survivors (2048K)
 Metaspace       used 98372K, committed 99712K, reserved 1179648K
  class space    used 13679K, committed 14272K, reserved 1048576K
}
Event: 728.834 GC heap after
{Heap after GC invocations=53 (full 0):
 garbage-first heap   total 475136K, used 181256K [0x0000000700000000, 0x0000000800000000)
  region size 2048K, 2 young (4096K), 2 survivors (4096K)
 Metaspace       used 98372K, committed 99712K, reserved 1179648K
  class space    used 13679K, committed 14272K, reserved 1048576K
}
Event: 728.925 GC heap before
{Heap before GC invocations=53 (full 0):
 garbage-first heap   total 475136K, used 197640K [0x0000000700000000, 0x0000000800000000)
  region size 2048K, 11 young (22528K), 2 survivors (4096K)
 Metaspace       used 98372K, committed 99712K, reserved 1179648K
  class space    used 13679K, committed 14272K, reserved 1048576K
}
Event: 728.932 GC heap after
{Heap after GC invocations=54 (full 0):
 garbage-first heap   total 475136K, used 182773K [0x0000000700000000, 0x0000000800000000)
  region size 2048K, 2 young (4096K), 2 survivors (4096K)
 Metaspace       used 98372K, committed 99712K, reserved 1179648K
  class space    used 13679K, committed 14272K, reserved 1048576K
}
Event: 729.059 GC heap before
{Heap before GC invocations=54 (full 0):
 garbage-first heap   total 475136K, used 199157K [0x0000000700000000, 0x0000000800000000)
  region size 2048K, 11 young (22528K), 2 survivors (4096K)
 Metaspace       used 98372K, committed 99712K, reserved 1179648K
  class space    used 13679K, committed 14272K, reserved 1048576K
}
Event: 729.069 GC heap after
{Heap after GC invocations=55 (full 0):
 garbage-first heap   total 475136K, used 184370K [0x0000000700000000, 0x0000000800000000)
  region size 2048K, 2 young (4096K), 2 survivors (4096K)
 Metaspace       used 98372K, committed 99712K, reserved 1179648K
  class space    used 13679K, committed 14272K, reserved 1048576K
}
Event: 730.612 GC heap before
{Heap before GC invocations=55 (full 0):
 garbage-first heap   total 475136K, used 200754K [0x0000000700000000, 0x0000000800000000)
  region size 2048K, 11 young (22528K), 2 survivors (4096K)
 Metaspace       used 98509K, committed 99840K, reserved 1179648K
  class space    used 13698K, committed 14272K, reserved 1048576K
}

