# JRE version: Java(TM) SE Runtime Environment (17.0.12+8) (build 17.0.12+8-LTS-286)
# Java VM: Java HotSpot(TM) 64-Bit Server VM (17.0.12+8-LTS-286, mixed mode, sharing, tiered, compressed oops, compressed class ptrs, g1 gc, windows-amd64)
GC Precious Log:
 CPUs: 8 total, 8 available
 Memory: 7926M
 Large Page Support: Disabled
 NUMA Support: Disabled
 Compressed Oops: Enabled (Zero based)
 Heap Region Size: 2M
 Heap Min Capacity: 8M
 Heap Initial Capacity: 124M
 Heap Max Capacity: 4G
 Pre-touch: Disabled
 Parallel Workers: 8
 Concurrent Workers: 2
 Concurrent Refinement Workers: 8
 Periodic GC: Disabled
Heap:
 garbage-first heap   total 96256K, used 59969K [0x0000000700000000, 0x0000000800000000)
  region size 2048K, 11 young (22528K), 1 survivors (2048K)
 Metaspace       used 56204K, committed 56832K, reserved 1114112K
  class space    used 8026K, committed 8320K, reserved 1048576K
GC Heap History (20 events):
Event: 154.456 GC heap before
{Heap before GC invocations=4 (full 0):
 garbage-first heap   total 126976K, used 70680K [0x0000000700000000, 0x0000000800000000)
  region size 2048K, 30 young (61440K), 5 survivors (10240K)
 Metaspace       used 21189K, committed 21504K, reserved 1114112K
  class space    used 3057K, committed 3200K, reserved 1048576K
}
Event: 154.490 GC heap after
{Heap after GC invocations=5 (full 0):
 garbage-first heap   total 126976K, used 24681K [0x0000000700000000, 0x0000000800000000)
  region size 2048K, 5 young (10240K), 5 survivors (10240K)
 Metaspace       used 21189K, committed 21504K, reserved 1114112K
  class space    used 3057K, committed 3200K, reserved 1048576K
}
Event: 166.006 GC heap before
{Heap before GC invocations=6 (full 0):
 garbage-first heap   total 96256K, used 73833K [0x0000000700000000, 0x0000000800000000)
  region size 2048K, 30 young (61440K), 5 survivors (10240K)
 Metaspace       used 27346K, committed 27712K, reserved 1114112K
  class space    used 4005K, committed 4160K, reserved 1048576K
}
Event: 166.018 GC heap after
{Heap after GC invocations=7 (full 0):
 garbage-first heap   total 96256K, used 26780K [0x0000000700000000, 0x0000000800000000)
  region size 2048K, 3 young (6144K), 3 survivors (6144K)
 Metaspace       used 27346K, committed 27712K, reserved 1114112K
  class space    used 4005K, committed 4160K, reserved 1048576K
}
Event: 168.808 GC heap before
{Heap before GC invocations=7 (full 0):
 garbage-first heap   total 96256K, used 67740K [0x0000000700000000, 0x0000000800000000)
  region size 2048K, 24 young (49152K), 3 survivors (6144K)
 Metaspace       used 32944K, committed 33344K, reserved 1114112K
  class space    used 4617K, committed 4800K, reserved 1048576K
}
Event: 168.821 GC heap after
{Heap after GC invocations=8 (full 0):
 garbage-first heap   total 96256K, used 30985K [0x0000000700000000, 0x0000000800000000)
  region size 2048K, 3 young (6144K), 3 survivors (6144K)
 Metaspace       used 32944K, committed 33344K, reserved 1114112K
  class space    used 4617K, committed 4800K, reserved 1048576K
}
Event: 170.429 GC heap before
{Heap before GC invocations=8 (full 0):
 garbage-first heap   total 96256K, used 57609K [0x0000000700000000, 0x0000000800000000)
  region size 2048K, 15 young (30720K), 3 survivors (6144K)
 Metaspace       used 35547K, committed 35968K, reserved 1114112K
  class space    used 4927K, committed 5120K, reserved 1048576K
}
Event: 170.440 GC heap after
{Heap after GC invocations=9 (full 0):
 garbage-first heap   total 96256K, used 33265K [0x0000000700000000, 0x0000000800000000)
  region size 2048K, 2 young (4096K), 2 survivors (4096K)
 Metaspace       used 35547K, committed 35968K, reserved 1114112K
  class space    used 4927K, committed 5120K, reserved 1048576K
}
Event: 175.643 GC heap before
{Heap before GC invocations=10 (full 0):
 garbage-first heap   total 96256K, used 70129K [0x0000000700000000, 0x0000000800000000)
  region size 2048K, 20 young (40960K), 2 survivors (4096K)
 Metaspace       used 37335K, committed 37824K, reserved 1114112K
  class space    used 5208K, committed 5440K, reserved 1048576K
}
Event: 175.649 GC heap after
{Heap after GC invocations=11 (full 0):
 garbage-first heap   total 96256K, used 34412K [0x0000000700000000, 0x0000000800000000)
  region size 2048K, 2 young (4096K), 2 survivors (4096K)
 Metaspace       used 37335K, committed 37824K, reserved 1114112K
  class space    used 5208K, committed 5440K, reserved 1048576K
}
Event: 178.833 GC heap before
{Heap before GC invocations=11 (full 0):
 garbage-first heap   total 96256K, used 73324K [0x0000000700000000, 0x0000000800000000)
  region size 2048K, 21 young (43008K), 2 survivors (4096K)
 Metaspace       used 39419K, committed 39936K, reserved 1114112K
  class space    used 5532K, committed 5760K, reserved 1048576K
}
Event: 178.839 GC heap after
{Heap after GC invocations=12 (full 0):
 garbage-first heap   total 96256K, used 35536K [0x0000000700000000, 0x0000000800000000)
  region size 2048K, 2 young (4096K), 2 survivors (4096K)
 Metaspace       used 39419K, committed 39936K, reserved 1114112K
  class space    used 5532K, committed 5760K, reserved 1048576K
}
Event: 192.347 GC heap before
{Heap before GC invocations=12 (full 0):
 garbage-first heap   total 96256K, used 74448K [0x0000000700000000, 0x0000000800000000)
  region size 2048K, 22 young (45056K), 2 survivors (4096K)
 Metaspace       used 43803K, committed 44352K, reserved 1114112K
  class space    used 6162K, committed 6400K, reserved 1048576K
}
Event: 192.494 GC heap after
{Heap after GC invocations=13 (full 0):
 garbage-first heap   total 96256K, used 36759K [0x0000000700000000, 0x0000000800000000)
  region size 2048K, 3 young (6144K), 3 survivors (6144K)
 Metaspace       used 43803K, committed 44352K, reserved 1114112K
  class space    used 6162K, committed 6400K, reserved 1048576K
}
Event: 210.658 GC heap before
{Heap before GC invocations=13 (full 0):
 garbage-first heap   total 96256K, used 75671K [0x0000000700000000, 0x0000000800000000)
  region size 2048K, 22 young (45056K), 3 survivors (6144K)
 Metaspace       used 47690K, committed 48256K, reserved 1114112K
  class space    used 6802K, committed 7040K, reserved 1048576K
}
Event: 210.690 GC heap after
{Heap after GC invocations=14 (full 0):
 garbage-first heap   total 96256K, used 38185K [0x0000000700000000, 0x0000000800000000)
  region size 2048K, 2 young (4096K), 2 survivors (4096K)
 Metaspace       used 47690K, committed 48256K, reserved 1114112K
  class space    used 6802K, committed 7040K, reserved 1048576K
}
Event: 213.553 GC heap before
{Heap before GC invocations=14 (full 0):
 garbage-first heap   total 96256K, used 77097K [0x0000000700000000, 0x0000000800000000)
  region size 2048K, 21 young (43008K), 2 survivors (4096K)
 Metaspace       used 51530K, committed 52160K, reserved 1114112K
  class space    used 7291K, committed 7616K, reserved 1048576K
}
Event: 213.564 GC heap after
{Heap after GC invocations=15 (full 0):
 garbage-first heap   total 96256K, used 41609K [0x0000000700000000, 0x0000000800000000)
  region size 2048K, 3 young (6144K), 3 survivors (6144K)
 Metaspace       used 51530K, committed 52160K, reserved 1114112K
  class space    used 7291K, committed 7616K, reserved 1048576K
}
Event: 215.711 GC heap before
{Heap before GC invocations=15 (full 0):
 garbage-first heap   total 96256K, used 76425K [0x0000000700000000, 0x0000000800000000)
  region size 2048K, 20 young (40960K), 3 survivors (6144K)
 Metaspace       used 54773K, committed 55360K, reserved 1114112K
  class space    used 7776K, committed 8064K, reserved 1048576K
}
Event: 215.725 GC heap after
{Heap after GC invocations=16 (full 0):
 garbage-first heap   total 96256K, used 41537K [0x0000000700000000, 0x0000000800000000)
  region size 2048K, 1 young (2048K), 1 survivors (2048K)
 Metaspace       used 54773K, committed 55360K, reserved 1114112K
  class space    used 7776K, committed 8064K, reserved 1048576K
}

